0 verbose cli [
0 verbose cli   'C:\\Program Files\\nodejs\\node.exe',
0 verbose cli   'C:\\Users\\A. A. ADEKUNLE\\AppData\\Roaming\\npm\\node_modules\\npm\\bin\\npm-cli.js',
0 verbose cli   'install',
0 verbose cli   '--global',
0 verbose cli   'yarn'
0 verbose cli ]
1 info using npm@7.21.1
2 info using node@v14.17.1
3 timing npm:load:whichnode Completed in 1ms
4 timing config:load:defaults Completed in 9ms
5 timing config:load:file:C:\Users\A. A. ADEKUNLE\AppData\Roaming\npm\node_modules\npm\npmrc Completed in 31ms
6 timing config:load:builtin Completed in 31ms
7 timing config:load:cli Completed in 8ms
8 timing config:load:env Completed in 2ms
9 timing config:load:file:C:\Users\A. A. ADEKUNLE\Desktop\whiteboard-client\zc_plugin_whiteboard\whiteboard-client\.npmrc Completed in 2ms
10 timing config:load:project Completed in 23ms
11 timing config:load:file:C:\Users\A. A. ADEKUNLE\.npmrc Completed in 2ms
12 timing config:load:user Completed in 2ms
13 timing config:load:file:C:\Users\A. A. ADEKUNLE\AppData\Roaming\npm\etc\npmrc Completed in 1ms
14 timing config:load:global Completed in 1ms
15 timing config:load:validate Completed in 1ms
16 timing config:load:credentials Completed in 2ms
17 timing config:load:setEnvs Completed in 3ms
18 timing config:load Completed in 85ms
19 timing npm:load:configload Completed in 85ms
20 timing npm:load:setTitle Completed in 0ms
21 timing npm:load:setupLog Completed in 9ms
22 timing config:load:flatten Completed in 81ms
23 timing npm:load:cleanupLog Completed in 8ms
24 timing npm:load:configScope Completed in 0ms
25 timing npm:load:projectScope Completed in 2ms
26 timing npm:load Completed in 194ms
27 timing arborist:ctor Completed in 3ms
28 timing idealTree:init Completed in 35ms
29 timing idealTree:userRequests Completed in 72ms
30 silly idealTree buildDeps
31 silly fetch manifest yarn@*
32 silly placeDep ROOT yarn@ OK for:  want: *
33 timing idealTree:#root Completed in 70428ms
34 timing idealTree:node_modules/yarn Completed in 0ms
35 timing idealTree:buildDeps Completed in 72137ms
36 timing idealTree:fixDepFlags Completed in 2ms
37 timing idealTree Completed in 72254ms
38 timing command:install Completed in 72314ms
39 verbose type system
40 verbose stack FetchError: request to https://registry.npmjs.org/yarn failed, reason: getaddrinfo ENOTFOUND registry.npmjs.org
40 verbose stack     at ClientRequest.<anonymous> (C:\Users\A. A. ADEKUNLE\AppData\Roaming\npm\node_modules\npm\node_modules\minipass-fetch\lib\index.js:110:14)
40 verbose stack     at ClientRequest.emit (events.js:375:28)
40 verbose stack     at TLSSocket.socketErrorListener (_http_client.js:475:9)
40 verbose stack     at TLSSocket.emit (events.js:387:35)
40 verbose stack     at emitErrorNT (internal/streams/destroy.js:106:8)
40 verbose stack     at emitErrorCloseNT (internal/streams/destroy.js:74:3)
40 verbose stack     at processTicksAndRejections (internal/process/task_queues.js:82:21)
41 verbose cwd C:\Users\A. A. ADEKUNLE\Desktop\whiteboard-client\zc_plugin_whiteboard\whiteboard-client
42 verbose Windows_NT 10.0.18362
43 verbose argv "C:\\Program Files\\nodejs\\node.exe" "C:\\Users\\A. A. ADEKUNLE\\AppData\\Roaming\\npm\\node_modules\\npm\\bin\\npm-cli.js" "install" "--global" "yarn"
44 verbose node v14.17.1
45 verbose npm  v7.21.1
46 error code ENOTFOUND
47 error syscall getaddrinfo
48 error errno ENOTFOUND
49 error network request to https://registry.npmjs.org/yarn failed, reason: getaddrinfo ENOTFOUND registry.npmjs.org
50 error network This is a problem related to network connectivity.
50 error network In most cases you are behind a proxy or have bad network settings.
50 error network
50 error network If you are behind a proxy, please make sure that the
50 error network 'proxy' config is set properly.  See: 'npm help config'
51 verbose exit 1
